2024-11-11T11:36:01+09:00 CRITICAL Uncaught Error: Undefined constant "the_ID" in C:\xampp\htdocs\wordpress\wp-content\plugins\relevanssi-live-ajax-search\templates\search-results.php:65
Stack trace:
#0 C:\xampp\htdocs\wordpress\wp-includes\template.php(812): require()
#1 C:\xampp\htdocs\wordpress\wp-content\plugins\relevanssi-live-ajax-search\includes\class-relevanssi-live-search-template.php(154): load_template('C:\\xampp\\htdocs...', false)
#2 C:\xampp\htdocs\wordpress\wp-content\plugins\relevanssi-live-ajax-search\includes\class-relevanssi-live-search-template.php(72): Relevanssi_Live_Search_Template->locate_template(Array, true, false, '1', 'results')
#3 C:\xampp\htdocs\wordpress\wp-content\plugins\relevanssi-live-ajax-search\includes\class-relevanssi-live-search-client.php(184): Relevanssi_Live_Search_Template->get_template_part('search-results')
#4 C:\xampp\htdocs\wordpress\wp-content\plugins\relevanssi-live-ajax-search\includes\class-relevanssi-live-search-client.php(113): Relevanssi_Live_Search_Client->show_results(Array)
#5 C:\xampp\htdocs\wordpress\wp-includes\class-wp-hook.php(324): Relevanssi_Live_Search_Client->search('')
#6 C:\xampp\htdocs\wordpress\wp-includes\class-wp-hook.php(348): WP_Hook->apply_filters('', Array)
#7 C:\xampp\htdocs\wordpress\wp-includes\plugin.php(517): WP_Hook->do_action(Array)
#8 C:\xampp\htdocs\wordpress\wp-admin\admin-ajax.php(192): do_action('wp_ajax_relevan...')
#9 {main}
  thrown의 C:\xampp\htdocs\wordpress\wp-content\plugins\relevanssi-live-ajax-search\templates\search-results.php 라인 65에 있습니다.

2024-11-11T11:36:06+09:00 CRITICAL Uncaught Error: Undefined constant "the_ID" in C:\xampp\htdocs\wordpress\wp-content\plugins\relevanssi-live-ajax-search\templates\search-results.php:65
Stack trace:
#0 C:\xampp\htdocs\wordpress\wp-includes\template.php(812): require()
#1 C:\xampp\htdocs\wordpress\wp-content\plugins\relevanssi-live-ajax-search\includes\class-relevanssi-live-search-template.php(154): load_template('C:\\xampp\\htdocs...', false)
#2 C:\xampp\htdocs\wordpress\wp-content\plugins\relevanssi-live-ajax-search\includes\class-relevanssi-live-search-template.php(72): Relevanssi_Live_Search_Template->locate_template(Array, true, false, '1', 'results')
#3 C:\xampp\htdocs\wordpress\wp-content\plugins\relevanssi-live-ajax-search\includes\class-relevanssi-live-search-client.php(184): Relevanssi_Live_Search_Template->get_template_part('search-results')
#4 C:\xampp\htdocs\wordpress\wp-content\plugins\relevanssi-live-ajax-search\includes\class-relevanssi-live-search-client.php(113): Relevanssi_Live_Search_Client->show_results(Array)
#5 C:\xampp\htdocs\wordpress\wp-includes\class-wp-hook.php(324): Relevanssi_Live_Search_Client->search('')
#6 C:\xampp\htdocs\wordpress\wp-includes\class-wp-hook.php(348): WP_Hook->apply_filters('', Array)
#7 C:\xampp\htdocs\wordpress\wp-includes\plugin.php(517): WP_Hook->do_action(Array)
#8 C:\xampp\htdocs\wordpress\wp-admin\admin-ajax.php(192): do_action('wp_ajax_relevan...')
#9 {main}
  thrown의 C:\xampp\htdocs\wordpress\wp-content\plugins\relevanssi-live-ajax-search\templates\search-results.php 라인 65에 있습니다.

2024-11-11T13:54:10+09:00 CRITICAL syntax error, unexpected token "if"의 C:\xampp\htdocs\wordpress\wp-content\themes\twentytwentyfour\functions.php 라인 326에 있습니다.

2024-11-11T13:54:11+09:00 CRITICAL syntax error, unexpected token "if"의 C:\xampp\htdocs\wordpress\wp-content\themes\twentytwentyfour\functions.php 라인 326에 있습니다.

2024-11-11T13:54:14+09:00 CRITICAL syntax error, unexpected token "if"의 C:\xampp\htdocs\wordpress\wp-content\themes\twentytwentyfour\functions.php 라인 326에 있습니다.

2024-11-11T13:56:34+09:00 CRITICAL Uncaught TypeError: mysqli_stmt_init(): Argument #1 ($mysql) must be of type mysqli, null given in C:\xampp\htdocs\wordpress\wp-content\themes\twentytwentyfour\functions.php:219
Stack trace:
#0 C:\xampp\htdocs\wordpress\wp-content\themes\twentytwentyfour\functions.php(219): mysqli_stmt_init(NULL)
#1 C:\xampp\htdocs\wordpress\wp-includes\shortcodes.php(434): custom_image_post_form(Array, '', 'image_post_form')
#2 [internal function]: do_shortcode_tag(Array)
#3 C:\xampp\htdocs\wordpress\wp-includes\shortcodes.php(273): preg_replace_callback('/\\[(\\[?)(image_...', 'do_shortcode_ta...', '[image_post_for...')
#4 C:\xampp\htdocs\wordpress\wp-includes\class-wp-hook.php(324): do_shortcode('[image_post_for...')
#5 C:\xampp\htdocs\wordpress\wp-includes\plugin.php(205): WP_Hook->apply_filters('[image_post_for...', Array)
#6 C:\xampp\htdocs\wordpress\wp-includes\blocks\post-content.php(50): apply_filters('the_content', '<!-- wp:shortco...')
#7 C:\xampp\htdocs\wordpress\wp-includes\class-wp-block.php(519): render_block_core_post_content(Array, '<!-- wp:shortco...', Object(WP_Block))
#8 C:\xampp\htdocs\wordpress\wp-includes\class-wp-block.php(499): WP_Block->render()
#9 C:\xampp\htdocs\wordpress\wp-includes\blocks.php(2061): WP_Block->render()
#10 C:\xampp\htdocs\wordpress\wp-includes\blocks.php(2113): render_block(Array)
#11 C:\xampp\htdocs\wordpress\wp-includes\block-template.php(260): do_blocks('<!-- wp:templat...')
#12 C:\xampp\htdocs\wordpress\wp-includes\template-canvas.php(12): get_the_block_template_html()
#13 C:\xampp\htdocs\wordpress\wp-includes\template-loader.php(106): include('C:\\xampp\\htdocs...')
#14 C:\xampp\htdocs\wordpress\wp-blog-header.php(19): require_once('C:\\xampp\\htdocs...')
#15 C:\xampp\htdocs\wordpress\index.php(17): require('C:\\xampp\\htdocs...')
#16 {main}
  thrown의 C:\xampp\htdocs\wordpress\wp-content\themes\twentytwentyfour\functions.php 라인 219에 있습니다.

2024-11-11T13:57:14+09:00 CRITICAL Uncaught Error: mysqli_stmt object is not fully initialized in C:\xampp\htdocs\wordpress\wp-content\themes\twentytwentyfour\functions.php:230
Stack trace:
#0 C:\xampp\htdocs\wordpress\wp-content\themes\twentytwentyfour\functions.php(230): mysqli_stmt_execute(Object(mysqli_stmt))
#1 C:\xampp\htdocs\wordpress\wp-includes\shortcodes.php(434): custom_image_post_form(Array, '', 'image_post_form')
#2 [internal function]: do_shortcode_tag(Array)
#3 C:\xampp\htdocs\wordpress\wp-includes\shortcodes.php(273): preg_replace_callback('/\\[(\\[?)(image_...', 'do_shortcode_ta...', '[image_post_for...')
#4 C:\xampp\htdocs\wordpress\wp-includes\class-wp-hook.php(324): do_shortcode('[image_post_for...')
#5 C:\xampp\htdocs\wordpress\wp-includes\plugin.php(205): WP_Hook->apply_filters('[image_post_for...', Array)
#6 C:\xampp\htdocs\wordpress\wp-includes\blocks\post-content.php(50): apply_filters('the_content', '<!-- wp:shortco...')
#7 C:\xampp\htdocs\wordpress\wp-includes\class-wp-block.php(519): render_block_core_post_content(Array, '<!-- wp:shortco...', Object(WP_Block))
#8 C:\xampp\htdocs\wordpress\wp-includes\class-wp-block.php(499): WP_Block->render()
#9 C:\xampp\htdocs\wordpress\wp-includes\blocks.php(2061): WP_Block->render()
#10 C:\xampp\htdocs\wordpress\wp-includes\blocks.php(2113): render_block(Array)
#11 C:\xampp\htdocs\wordpress\wp-includes\block-template.php(260): do_blocks('<!-- wp:templat...')
#12 C:\xampp\htdocs\wordpress\wp-includes\template-canvas.php(12): get_the_block_template_html()
#13 C:\xampp\htdocs\wordpress\wp-includes\template-loader.php(106): include('C:\\xampp\\htdocs...')
#14 C:\xampp\htdocs\wordpress\wp-blog-header.php(19): require_once('C:\\xampp\\htdocs...')
#15 C:\xampp\htdocs\wordpress\index.php(17): require('C:\\xampp\\htdocs...')
#16 {main}
  thrown의 C:\xampp\htdocs\wordpress\wp-content\themes\twentytwentyfour\functions.php 라인 230에 있습니다.

2024-11-11T14:00:33+09:00 CRITICAL Uncaught TypeError: mysqli_prepare(): Argument #1 ($mysql) must be of type mysqli, null given in C:\xampp\htdocs\wordpress\wp-content\themes\twentytwentyfour\functions.php:227
Stack trace:
#0 C:\xampp\htdocs\wordpress\wp-content\themes\twentytwentyfour\functions.php(227): mysqli_prepare(NULL, 'SELECT * FROM '...')
#1 C:\xampp\htdocs\wordpress\wp-includes\shortcodes.php(434): custom_image_post_form(Array, '', 'image_post_form')
#2 [internal function]: do_shortcode_tag(Array)
#3 C:\xampp\htdocs\wordpress\wp-includes\shortcodes.php(273): preg_replace_callback('/\\[(\\[?)(image_...', 'do_shortcode_ta...', '[image_post_for...')
#4 C:\xampp\htdocs\wordpress\wp-includes\class-wp-hook.php(324): do_shortcode('[image_post_for...')
#5 C:\xampp\htdocs\wordpress\wp-includes\plugin.php(205): WP_Hook->apply_filters('[image_post_for...', Array)
#6 C:\xampp\htdocs\wordpress\wp-includes\blocks\post-content.php(50): apply_filters('the_content', '<!-- wp:shortco...')
#7 C:\xampp\htdocs\wordpress\wp-includes\class-wp-block.php(519): render_block_core_post_content(Array, '<!-- wp:shortco...', Object(WP_Block))
#8 C:\xampp\htdocs\wordpress\wp-includes\class-wp-block.php(499): WP_Block->render()
#9 C:\xampp\htdocs\wordpress\wp-includes\blocks.php(2061): WP_Block->render()
#10 C:\xampp\htdocs\wordpress\wp-includes\blocks.php(2113): render_block(Array)
#11 C:\xampp\htdocs\wordpress\wp-includes\block-template.php(260): do_blocks('<!-- wp:templat...')
#12 C:\xampp\htdocs\wordpress\wp-includes\template-canvas.php(12): get_the_block_template_html()
#13 C:\xampp\htdocs\wordpress\wp-includes\template-loader.php(106): include('C:\\xampp\\htdocs...')
#14 C:\xampp\htdocs\wordpress\wp-blog-header.php(19): require_once('C:\\xampp\\htdocs...')
#15 C:\xampp\htdocs\wordpress\index.php(17): require('C:\\xampp\\htdocs...')
#16 {main}
  thrown의 C:\xampp\htdocs\wordpress\wp-content\themes\twentytwentyfour\functions.php 라인 227에 있습니다.

2024-11-11T14:00:47+09:00 CRITICAL Uncaught TypeError: mysqli_error(): Argument #1 ($mysql) must be of type mysqli, null given in C:\xampp\htdocs\wordpress\wp-content\themes\twentytwentyfour\functions.php:229
Stack trace:
#0 C:\xampp\htdocs\wordpress\wp-content\themes\twentytwentyfour\functions.php(229): mysqli_error(NULL)
#1 C:\xampp\htdocs\wordpress\wp-includes\shortcodes.php(434): custom_image_post_form(Array, '', 'image_post_form')
#2 [internal function]: do_shortcode_tag(Array)
#3 C:\xampp\htdocs\wordpress\wp-includes\shortcodes.php(273): preg_replace_callback('/\\[(\\[?)(image_...', 'do_shortcode_ta...', '[image_post_for...')
#4 C:\xampp\htdocs\wordpress\wp-includes\class-wp-hook.php(324): do_shortcode('[image_post_for...')
#5 C:\xampp\htdocs\wordpress\wp-includes\plugin.php(205): WP_Hook->apply_filters('[image_post_for...', Array)
#6 C:\xampp\htdocs\wordpress\wp-includes\blocks\post-content.php(50): apply_filters('the_content', '<!-- wp:shortco...')
#7 C:\xampp\htdocs\wordpress\wp-includes\class-wp-block.php(519): render_block_core_post_content(Array, '<!-- wp:shortco...', Object(WP_Block))
#8 C:\xampp\htdocs\wordpress\wp-includes\class-wp-block.php(499): WP_Block->render()
#9 C:\xampp\htdocs\wordpress\wp-includes\blocks.php(2061): WP_Block->render()
#10 C:\xampp\htdocs\wordpress\wp-includes\blocks.php(2113): render_block(Array)
#11 C:\xampp\htdocs\wordpress\wp-includes\block-template.php(260): do_blocks('<!-- wp:templat...')
#12 C:\xampp\htdocs\wordpress\wp-includes\template-canvas.php(12): get_the_block_template_html()
#13 C:\xampp\htdocs\wordpress\wp-includes\template-loader.php(106): include('C:\\xampp\\htdocs...')
#14 C:\xampp\htdocs\wordpress\wp-blog-header.php(19): require_once('C:\\xampp\\htdocs...')
#15 C:\xampp\htdocs\wordpress\index.php(17): require('C:\\xampp\\htdocs...')
#16 {main}
  thrown의 C:\xampp\htdocs\wordpress\wp-content\themes\twentytwentyfour\functions.php 라인 229에 있습니다.

2024-11-12T13:45:20+09:00 CRITICAL syntax error, unexpected token "}"의 C:\xampp\htdocs\wordpress\wp-content\themes\twentytwentyfour\functions.php 라인 601에 있습니다.

2024-11-12T13:46:02+09:00 CRITICAL syntax error, unexpected token "}"의 C:\xampp\htdocs\wordpress\wp-content\themes\twentytwentyfour\functions.php 라인 601에 있습니다.

2024-11-12T13:46:05+09:00 CRITICAL syntax error, unexpected token "}"의 C:\xampp\htdocs\wordpress\wp-content\themes\twentytwentyfour\functions.php 라인 601에 있습니다.

2024-11-12T13:46:17+09:00 CRITICAL syntax error, unexpected token "else"의 C:\xampp\htdocs\wordpress\wp-content\themes\twentytwentyfour\functions.php 라인 644에 있습니다.

2024-11-12T13:47:21+09:00 CRITICAL Unclosed '{' on line 616의 C:\xampp\htdocs\wordpress\wp-content\themes\twentytwentyfour\functions.php 라인 651에 있습니다.

2024-11-12T14:41:00+09:00 CRITICAL Uncaught Error: mysqli_result object is already closed in C:\xampp\htdocs\wordpress\wp-content\themes\twentytwentyfour\functions.php:332
Stack trace:
#0 C:\xampp\htdocs\wordpress\wp-content\themes\twentytwentyfour\functions.php(332): mysqli_fetch_assoc(Object(mysqli_result))
#1 C:\xampp\htdocs\wordpress\wp-includes\shortcodes.php(434): custom_image_post_form(Array, '', 'image_post_form')
#2 [internal function]: do_shortcode_tag(Array)
#3 C:\xampp\htdocs\wordpress\wp-includes\shortcodes.php(273): preg_replace_callback('/\\[(\\[?)(image_...', 'do_shortcode_ta...', '[image_post_for...')
#4 C:\xampp\htdocs\wordpress\wp-includes\class-wp-hook.php(324): do_shortcode('[image_post_for...')
#5 C:\xampp\htdocs\wordpress\wp-includes\plugin.php(205): WP_Hook->apply_filters('[image_post_for...', Array)
#6 C:\xampp\htdocs\wordpress\wp-includes\rest-api\endpoints\class-wp-rest-posts-controller.php(1871): apply_filters('the_content', '<!-- wp:shortco...')
#7 C:\xampp\htdocs\wordpress\wp-includes\rest-api\endpoints\class-wp-rest-posts-controller.php(391): WP_REST_Posts_Controller->prepare_item_for_response(Object(WP_Post), Object(WP_REST_Request))
#8 C:\xampp\htdocs\wordpress\wp-includes\rest-api\class-wp-rest-server.php(1230): WP_REST_Posts_Controller->get_items(Object(WP_REST_Request))
#9 C:\xampp\htdocs\wordpress\wp-includes\rest-api\class-wp-rest-server.php(1063): WP_REST_Server->respond_to_request(Object(WP_REST_Request), '/wp/v2/pages', Array, NULL)
#10 C:\xampp\htdocs\wordpress\wp-includes\rest-api\class-wp-rest-server.php(439): WP_REST_Server->dispatch(Object(WP_REST_Request))
#11 C:\xampp\htdocs\wordpress\wp-includes\rest-api.php(420): WP_REST_Server->serve_request('/wp/v2/pages')
#12 C:\xampp\htdocs\wordpress\wp-includes\class-wp-hook.php(324): rest_api_loaded(Object(WP))
#13 C:\xampp\htdocs\wordpress\wp-includes\class-wp-hook.php(348): WP_Hook->apply_filters(NULL, Array)
#14 C:\xampp\htdocs\wordpress\wp-includes\plugin.php(565): WP_Hook->do_action(Array)
#15 C:\xampp\htdocs\wordpress\wp-includes\class-wp.php(418): do_action_ref_array('parse_request', Array)
#16 C:\xampp\htdocs\wordpress\wp-includes\class-wp.php(813): WP->parse_request('')
#17 C:\xampp\htdocs\wordpress\wp-includes\functions.php(1336): WP->main('')
#18 C:\xampp\htdocs\wordpress\wp-blog-header.php(16): wp()
#19 C:\xampp\htdocs\wordpress\index.php(17): require('C:\\xampp\\htdocs...')
#20 {main}
  thrown의 C:\xampp\htdocs\wordpress\wp-content\themes\twentytwentyfour\functions.php 라인 332에 있습니다.

2024-11-12T14:41:02+09:00 CRITICAL Uncaught Error: mysqli_result object is already closed in C:\xampp\htdocs\wordpress\wp-content\themes\twentytwentyfour\functions.php:332
Stack trace:
#0 C:\xampp\htdocs\wordpress\wp-content\themes\twentytwentyfour\functions.php(332): mysqli_fetch_assoc(Object(mysqli_result))
#1 C:\xampp\htdocs\wordpress\wp-includes\shortcodes.php(434): custom_image_post_form(Array, '', 'image_post_form')
#2 [internal function]: do_shortcode_tag(Array)
#3 C:\xampp\htdocs\wordpress\wp-includes\shortcodes.php(273): preg_replace_callback('/\\[(\\[?)(image_...', 'do_shortcode_ta...', '[image_post_for...')
#4 C:\xampp\htdocs\wordpress\wp-includes\class-wp-hook.php(324): do_shortcode('[image_post_for...')
#5 C:\xampp\htdocs\wordpress\wp-includes\plugin.php(205): WP_Hook->apply_filters('[image_post_for...', Array)
#6 C:\xampp\htdocs\wordpress\wp-includes\rest-api\endpoints\class-wp-rest-posts-controller.php(1871): apply_filters('the_content', '<!-- wp:shortco...')
#7 C:\xampp\htdocs\wordpress\wp-includes\rest-api\endpoints\class-wp-rest-posts-controller.php(391): WP_REST_Posts_Controller->prepare_item_for_response(Object(WP_Post), Object(WP_REST_Request))
#8 C:\xampp\htdocs\wordpress\wp-includes\rest-api\class-wp-rest-server.php(1230): WP_REST_Posts_Controller->get_items(Object(WP_REST_Request))
#9 C:\xampp\htdocs\wordpress\wp-includes\rest-api\class-wp-rest-server.php(1063): WP_REST_Server->respond_to_request(Object(WP_REST_Request), '/wp/v2/pages', Array, NULL)
#10 C:\xampp\htdocs\wordpress\wp-includes\rest-api\class-wp-rest-server.php(439): WP_REST_Server->dispatch(Object(WP_REST_Request))
#11 C:\xampp\htdocs\wordpress\wp-includes\rest-api.php(420): WP_REST_Server->serve_request('/wp/v2/pages')
#12 C:\xampp\htdocs\wordpress\wp-includes\class-wp-hook.php(324): rest_api_loaded(Object(WP))
#13 C:\xampp\htdocs\wordpress\wp-includes\class-wp-hook.php(348): WP_Hook->apply_filters(NULL, Array)
#14 C:\xampp\htdocs\wordpress\wp-includes\plugin.php(565): WP_Hook->do_action(Array)
#15 C:\xampp\htdocs\wordpress\wp-includes\class-wp.php(418): do_action_ref_array('parse_request', Array)
#16 C:\xampp\htdocs\wordpress\wp-includes\class-wp.php(813): WP->parse_request('')
#17 C:\xampp\htdocs\wordpress\wp-includes\functions.php(1336): WP->main('')
#18 C:\xampp\htdocs\wordpress\wp-blog-header.php(16): wp()
#19 C:\xampp\htdocs\wordpress\index.php(17): require('C:\\xampp\\htdocs...')
#20 {main}
  thrown의 C:\xampp\htdocs\wordpress\wp-content\themes\twentytwentyfour\functions.php 라인 332에 있습니다.

2024-11-15T11:06:02+09:00 CRITICAL Uncaught TypeError: Cannot access offset of type string on string in C:\xampp\htdocs\wordpress\wp-content\themes\twentytwentyfour\functions.php:498
Stack trace:
#0 C:\xampp\htdocs\wordpress\wp-includes\shortcodes.php(434): custom_image_update_form(Array, '', 'image_update_fo...')
#1 [internal function]: do_shortcode_tag(Array)
#2 C:\xampp\htdocs\wordpress\wp-includes\shortcodes.php(273): preg_replace_callback('/\\[(\\[?)(image_...', 'do_shortcode_ta...', '[image_update_f...')
#3 C:\xampp\htdocs\wordpress\wp-includes\class-wp-hook.php(324): do_shortcode('[image_update_f...')
#4 C:\xampp\htdocs\wordpress\wp-includes\plugin.php(205): WP_Hook->apply_filters('[image_update_f...', Array)
#5 C:\xampp\htdocs\wordpress\wp-includes\blocks\post-content.php(50): apply_filters('the_content', '<!-- wp:shortco...')
#6 C:\xampp\htdocs\wordpress\wp-includes\class-wp-block.php(537): render_block_core_post_content(Array, '<!-- wp:shortco...', Object(WP_Block))
#7 C:\xampp\htdocs\wordpress\wp-includes\class-wp-block.php(517): WP_Block->render()
#8 C:\xampp\htdocs\wordpress\wp-includes\blocks.php(2190): WP_Block->render()
#9 C:\xampp\htdocs\wordpress\wp-includes\blocks.php(2242): render_block(Array)
#10 C:\xampp\htdocs\wordpress\wp-includes\block-template.php(260): do_blocks('<!-- wp:templat...')
#11 C:\xampp\htdocs\wordpress\wp-includes\template-canvas.php(12): get_the_block_template_html()
#12 C:\xampp\htdocs\wordpress\wp-includes\template-loader.php(106): include('C:\\xampp\\htdocs...')
#13 C:\xampp\htdocs\wordpress\wp-blog-header.php(19): require_once('C:\\xampp\\htdocs...')
#14 C:\xampp\htdocs\wordpress\index.php(17): require('C:\\xampp\\htdocs...')
#15 {main}
  thrown in C:\xampp\htdocs\wordpress\wp-content\themes\twentytwentyfour\functions.php on line 498

2024-11-15T13:46:36+09:00 CRITICAL Allowed memory size of 268435456 bytes exhausted (tried to allocate 111149080 bytes) in C:\xampp\htdocs\wordpress\wp-content\themes\twentytwentyfour\functions.php on line 306

2024-11-15T13:47:35+09:00 CRITICAL Allowed memory size of 268435456 bytes exhausted (tried to allocate 111149080 bytes) in C:\xampp\htdocs\wordpress\wp-content\themes\twentytwentyfour\functions.php on line 306

2024-11-15T13:48:08+09:00 CRITICAL Allowed memory size of 268435456 bytes exhausted (tried to allocate 111149080 bytes) in C:\xampp\htdocs\wordpress\wp-content\themes\twentytwentyfour\functions.php on line 306

2024-11-15T13:48:18+09:00 CRITICAL Allowed memory size of 268435456 bytes exhausted (tried to allocate 109051936 bytes) in C:\xampp\htdocs\wordpress\wp-content\themes\twentytwentyfour\functions.php on line 306

2024-11-15T13:49:53+09:00 CRITICAL Allowed memory size of 268435456 bytes exhausted (tried to allocate 109051936 bytes) in C:\xampp\htdocs\wordpress\wp-content\themes\twentytwentyfour\functions.php on line 302

2024-11-15T13:52:24+09:00 CRITICAL Allowed memory size of 268435456 bytes exhausted (tried to allocate 111149080 bytes) in C:\xampp\htdocs\wordpress\wp-content\themes\twentytwentyfour\functions.php on line 302

2024-11-15T13:53:22+09:00 CRITICAL Allowed memory size of 536870912 bytes exhausted (tried to allocate 243269656 bytes) in C:\xampp\htdocs\wordpress\wp-content\themes\twentytwentyfour\functions.php on line 302

2024-11-15T13:55:06+09:00 CRITICAL Allowed memory size of 536870912 bytes exhausted (tried to allocate 245366800 bytes) in C:\xampp\htdocs\wordpress\wp-content\themes\twentytwentyfour\functions.php on line 301

2024-11-15T13:57:00+09:00 CRITICAL Uncaught Error: Object of class WP_Query could not be converted to string in C:\xampp\htdocs\wordpress\wp-includes\shortcodes.php:434
Stack trace:
#0 [internal function]: do_shortcode_tag(Array)
#1 C:\xampp\htdocs\wordpress\wp-includes\shortcodes.php(273): preg_replace_callback('/\\[(\\[?)(image_...', 'do_shortcode_ta...', '[image_post_for...')
#2 C:\xampp\htdocs\wordpress\wp-includes\class-wp-hook.php(324): do_shortcode('[image_post_for...')
#3 C:\xampp\htdocs\wordpress\wp-includes\plugin.php(205): WP_Hook->apply_filters('[image_post_for...', Array)
#4 C:\xampp\htdocs\wordpress\wp-includes\blocks\post-content.php(50): apply_filters('the_content', '<!-- wp:shortco...')
#5 C:\xampp\htdocs\wordpress\wp-includes\class-wp-block.php(537): render_block_core_post_content(Array, '<!-- wp:shortco...', Object(WP_Block))
#6 C:\xampp\htdocs\wordpress\wp-includes\class-wp-block.php(517): WP_Block->render()
#7 C:\xampp\htdocs\wordpress\wp-includes\blocks.php(2190): WP_Block->render()
#8 C:\xampp\htdocs\wordpress\wp-includes\blocks.php(2242): render_block(Array)
#9 C:\xampp\htdocs\wordpress\wp-includes\block-template.php(260): do_blocks('<!-- wp:templat...')
#10 C:\xampp\htdocs\wordpress\wp-includes\template-canvas.php(12): get_the_block_template_html()
#11 C:\xampp\htdocs\wordpress\wp-includes\template-loader.php(106): include('C:\\xampp\\htdocs...')
#12 C:\xampp\htdocs\wordpress\wp-blog-header.php(19): require_once('C:\\xampp\\htdocs...')
#13 C:\xampp\htdocs\wordpress\index.php(17): require('C:\\xampp\\htdocs...')
#14 {main}
  thrown in C:\xampp\htdocs\wordpress\wp-includes\shortcodes.php on line 434

